2019-07-09 10:10:40 INFO  PluginTasksProjectComponent.projectOpened(77) - ---------- Project opened ----------
2019-07-09 10:10:40 INFO  PluginTasksProjectComponent.projectOpened(78) - ---------- Version 3.31 ----------

2019-07-09 10:10:40 INFO  PluginTasksProjectComponent.setAutoscrolls(366) - Autoscrolls successfully set
2019-07-09 10:10:40 INFO  ApacheHttpClient.isSessionAppropriateWithSecretKey(572) - The session is not set in the property file.
2019-07-09 10:10:40 INFO  ApacheHttpClient.login(238) - Waiting for server response.
2019-07-09 10:10:40 INFO  ApacheHttpClient.login(242) - responseCode = 200
2019-07-09 10:10:40 INFO  ApacheHttpClient.login(265) - JSESSIONID OK
2019-07-09 10:10:40 INFO  ApacheHttpClient.refreshUserInfo(293) - responseCode = 200
2019-07-09 10:10:40 INFO  ApacheHttpClient.refreshUserInfo(299) - User information received.
2019-07-09 10:10:40 INFO  ApacheHttpClient.startGA(35) - GAService started.
2019-07-09 10:10:40 INFO  AbstractRestApiClient.startService(71) - EventsService started.
2019-07-09 10:10:46 INFO  ApacheHttpClient.getWebResourceAsStream(485) - responseCode = 200
2019-07-09 10:10:47 INFO  ApacheHttpClient.getFilteredTasks(324) - responseCode = 200
2019-07-09 10:11:18 INFO  ApacheHttpClient.getFilteredTasks(324) - responseCode = 200
2019-07-09 10:42:41 INFO  ApacheHttpClient.sendEvent(518) - responseCode = 200
2019-07-09 10:43:40 INFO  ApacheHttpClient.sendEvent(518) - responseCode = 200
2019-07-09 10:44:40 INFO  ApacheHttpClient.sendEvent(518) - responseCode = 200
2019-07-09 10:45:41 INFO  ApacheHttpClient.sendEvent(518) - responseCode = 200
2019-07-09 10:46:40 INFO  ApacheHttpClient.sendEvent(518) - responseCode = 200
2019-07-09 10:47:40 INFO  ApacheHttpClient.sendEvent(518) - responseCode = 200
2019-07-09 10:48:40 INFO  ApacheHttpClient.sendEvent(518) - responseCode = 200
2019-07-09 10:49:40 INFO  ApacheHttpClient.sendEvent(518) - responseCode = 200
2019-07-09 10:50:40 INFO  ApacheHttpClient.sendEvent(518) - responseCode = 200
2019-07-09 10:51:41 INFO  ApacheHttpClient.sendEvent(518) - responseCode = 200
2019-07-09 10:52:41 INFO  ApacheHttpClient.sendEvent(518) - responseCode = 200
2019-07-09 10:53:41 INFO  ApacheHttpClient.sendEvent(518) - responseCode = 200
2019-07-09 10:54:41 INFO  ApacheHttpClient.sendEvent(518) - responseCode = 200
2019-07-09 10:55:41 INFO  ApacheHttpClient.sendEvent(518) - responseCode = 200
2019-07-09 10:56:41 INFO  ApacheHttpClient.sendEvent(518) - responseCode = 200
2019-07-09 10:57:41 INFO  ApacheHttpClient.sendEvent(518) - responseCode = 200
2019-07-09 10:58:41 INFO  ApacheHttpClient.sendEvent(518) - responseCode = 200
2019-07-09 10:59:41 INFO  ApacheHttpClient.sendEvent(518) - responseCode = 200
2019-07-09 11:00:41 INFO  ApacheHttpClient.sendEvent(518) - responseCode = 200
2019-07-09 11:01:41 INFO  ApacheHttpClient.sendEvent(518) - responseCode = 200
2019-07-09 11:02:41 INFO  ApacheHttpClient.sendEvent(518) - responseCode = 200
2019-07-09 11:03:41 INFO  ApacheHttpClient.sendEvent(518) - responseCode = 200
2019-07-09 11:04:41 INFO  ApacheHttpClient.sendEvent(518) - responseCode = 200
2019-07-09 11:05:41 INFO  ApacheHttpClient.sendEvent(518) - responseCode = 200
2019-07-09 11:06:41 INFO  ApacheHttpClient.sendEvent(518) - responseCode = 200
2019-07-09 11:07:41 INFO  ApacheHttpClient.sendEvent(518) - responseCode = 200
2019-07-09 11:08:41 INFO  ApacheHttpClient.sendEvent(518) - responseCode = 200
2019-07-09 11:09:41 INFO  ApacheHttpClient.sendEvent(518) - responseCode = 200
2019-07-09 11:10:41 INFO  ApacheHttpClient.sendEvent(518) - responseCode = 200
2019-07-09 11:11:41 INFO  ApacheHttpClient.sendEvent(518) - responseCode = 200
2019-07-09 11:12:41 INFO  ApacheHttpClient.sendEvent(518) - responseCode = 200
2019-07-09 11:13:41 INFO  ApacheHttpClient.sendEvent(518) - responseCode = 200
2019-07-09 11:14:41 INFO  ApacheHttpClient.sendEvent(518) - responseCode = 200
2019-07-09 11:15:41 INFO  ApacheHttpClient.sendEvent(518) - responseCode = 200
2019-07-09 11:16:41 INFO  ApacheHttpClient.sendEvent(518) - responseCode = 200
2019-07-09 11:17:41 INFO  ApacheHttpClient.sendEvent(518) - responseCode = 200
2019-07-09 11:18:41 INFO  ApacheHttpClient.sendEvent(518) - responseCode = 200
2019-07-09 11:19:41 INFO  ApacheHttpClient.sendEvent(518) - responseCode = 200
2019-07-09 11:20:41 INFO  ApacheHttpClient.sendEvent(518) - responseCode = 200
2019-07-09 11:21:41 INFO  ApacheHttpClient.sendEvent(518) - responseCode = 200
2019-07-09 11:22:41 INFO  ApacheHttpClient.sendEvent(518) - responseCode = 200
2019-07-09 11:23:41 INFO  ApacheHttpClient.sendEvent(518) - responseCode = 200
2019-07-09 11:24:41 INFO  ApacheHttpClient.sendEvent(518) - responseCode = 200
2019-07-09 11:25:41 INFO  ApacheHttpClient.sendEvent(518) - responseCode = 200
2019-07-09 11:26:41 INFO  ApacheHttpClient.sendEvent(518) - responseCode = 200
2019-07-09 11:27:41 INFO  ApacheHttpClient.sendEvent(518) - responseCode = 200
2019-07-09 11:28:41 INFO  ApacheHttpClient.sendEvent(518) - responseCode = 200
2019-07-09 11:29:41 INFO  ApacheHttpClient.sendEvent(518) - responseCode = 200
2019-07-09 11:30:41 INFO  ApacheHttpClient.sendEvent(518) - responseCode = 200
2019-07-09 11:31:41 INFO  ApacheHttpClient.sendEvent(518) - responseCode = 200
2019-07-09 11:32:41 INFO  ApacheHttpClient.sendEvent(518) - responseCode = 200
2019-07-09 11:33:41 INFO  ApacheHttpClient.sendEvent(518) - responseCode = 200
2019-07-09 11:34:41 INFO  ApacheHttpClient.sendEvent(518) - responseCode = 200
2019-07-09 11:35:41 INFO  ApacheHttpClient.sendEvent(518) - responseCode = 200
2019-07-09 11:36:41 INFO  ApacheHttpClient.sendEvent(518) - responseCode = 200
2019-07-09 11:37:41 INFO  ApacheHttpClient.sendEvent(518) - responseCode = 200
2019-07-09 11:38:41 INFO  ApacheHttpClient.sendEvent(518) - responseCode = 200
2019-07-09 11:39:41 INFO  ApacheHttpClient.sendEvent(518) - responseCode = 200
2019-07-09 11:40:41 INFO  ApacheHttpClient.sendEvent(518) - responseCode = 200
2019-07-09 11:41:41 INFO  ApacheHttpClient.sendEvent(518) - responseCode = 200
2019-07-09 11:42:41 INFO  ApacheHttpClient.sendEvent(518) - responseCode = 200
2019-07-09 11:43:41 INFO  ApacheHttpClient.sendEvent(518) - responseCode = 200
2019-07-09 11:44:41 INFO  ApacheHttpClient.sendEvent(518) - responseCode = 200
2019-07-09 11:45:41 INFO  ApacheHttpClient.sendEvent(518) - responseCode = 200
2019-07-09 11:46:41 INFO  ApacheHttpClient.sendEvent(518) - responseCode = 200
2019-07-09 11:47:41 INFO  ApacheHttpClient.sendEvent(518) - responseCode = 200
2019-07-09 11:48:41 INFO  ApacheHttpClient.sendEvent(518) - responseCode = 200
2019-07-09 11:49:41 INFO  ApacheHttpClient.sendEvent(518) - responseCode = 200
2019-07-09 11:50:41 INFO  ApacheHttpClient.sendEvent(518) - responseCode = 200
2019-07-09 11:51:41 INFO  ApacheHttpClient.sendEvent(518) - responseCode = 200
2019-07-09 11:52:41 INFO  ApacheHttpClient.sendEvent(518) - responseCode = 200
2019-07-09 11:53:41 INFO  ApacheHttpClient.sendEvent(518) - responseCode = 200
2019-07-09 11:54:41 INFO  ApacheHttpClient.sendEvent(518) - responseCode = 200
2019-07-09 11:55:41 INFO  ApacheHttpClient.sendEvent(518) - responseCode = 200
2019-07-09 11:56:41 INFO  ApacheHttpClient.sendEvent(518) - responseCode = 200
2019-07-09 11:57:41 INFO  ApacheHttpClient.sendEvent(518) - responseCode = 200
2019-07-09 11:58:41 INFO  ApacheHttpClient.sendEvent(518) - responseCode = 200
2019-07-09 11:59:41 INFO  ApacheHttpClient.sendEvent(518) - responseCode = 200
2019-07-09 12:00:41 INFO  ApacheHttpClient.sendEvent(518) - responseCode = 200
2019-07-09 12:01:41 INFO  ApacheHttpClient.sendEvent(518) - responseCode = 200
2019-07-09 12:02:41 INFO  ApacheHttpClient.sendEvent(518) - responseCode = 200
2019-07-09 12:03:41 INFO  ApacheHttpClient.sendEvent(518) - responseCode = 200
2019-07-09 12:04:41 INFO  ApacheHttpClient.sendEvent(518) - responseCode = 200
2019-07-09 12:05:41 INFO  ApacheHttpClient.sendEvent(518) - responseCode = 200
2019-07-09 12:06:41 INFO  ApacheHttpClient.sendEvent(518) - responseCode = 200
2019-07-09 12:07:41 INFO  ApacheHttpClient.sendEvent(518) - responseCode = 200
2019-07-09 12:08:41 INFO  ApacheHttpClient.sendEvent(518) - responseCode = 200
2019-07-09 12:09:41 INFO  ApacheHttpClient.sendEvent(518) - responseCode = 200
2019-07-09 12:10:41 INFO  ApacheHttpClient.sendEvent(518) - responseCode = 200
2019-07-09 12:11:41 INFO  ApacheHttpClient.sendEvent(518) - responseCode = 200
2019-07-09 12:12:41 INFO  ApacheHttpClient.sendEvent(518) - responseCode = 200
2019-07-09 12:13:41 INFO  ApacheHttpClient.sendEvent(518) - responseCode = 200
2019-07-09 12:14:41 INFO  ApacheHttpClient.sendEvent(518) - responseCode = 200
2019-07-09 12:15:41 INFO  ApacheHttpClient.sendEvent(518) - responseCode = 200
2019-07-09 12:16:41 INFO  ApacheHttpClient.sendEvent(518) - responseCode = 200
2019-07-09 12:17:41 INFO  ApacheHttpClient.sendEvent(518) - responseCode = 200
2019-07-09 12:18:41 INFO  ApacheHttpClient.sendEvent(518) - responseCode = 200
2019-07-09 12:19:41 INFO  ApacheHttpClient.sendEvent(518) - responseCode = 200
2019-07-09 12:20:41 INFO  ApacheHttpClient.sendEvent(518) - responseCode = 200
2019-07-09 12:21:41 INFO  ApacheHttpClient.sendEvent(518) - responseCode = 200
2019-07-09 12:22:41 INFO  ApacheHttpClient.sendEvent(518) - responseCode = 200
2019-07-09 12:23:41 INFO  ApacheHttpClient.sendEvent(518) - responseCode = 200
2019-07-09 12:24:41 INFO  ApacheHttpClient.sendEvent(518) - responseCode = 200
2019-07-09 12:25:41 INFO  ApacheHttpClient.sendEvent(518) - responseCode = 200
2019-07-09 12:26:41 INFO  ApacheHttpClient.sendEvent(518) - responseCode = 200
2019-07-09 12:27:41 INFO  ApacheHttpClient.sendEvent(518) - responseCode = 200
2019-07-09 12:28:41 INFO  ApacheHttpClient.sendEvent(518) - responseCode = 200
2019-07-09 12:29:41 INFO  ApacheHttpClient.sendEvent(518) - responseCode = 200
2019-07-09 12:30:41 INFO  ApacheHttpClient.sendEvent(518) - responseCode = 200
2019-07-09 12:31:41 INFO  ApacheHttpClient.sendEvent(518) - responseCode = 200
2019-07-09 12:32:41 INFO  ApacheHttpClient.sendEvent(518) - responseCode = 200
2019-07-09 12:33:41 INFO  ApacheHttpClient.sendEvent(518) - responseCode = 200
2019-07-09 12:34:41 INFO  ApacheHttpClient.sendEvent(518) - responseCode = 200
2019-07-09 12:35:41 INFO  ApacheHttpClient.sendEvent(518) - responseCode = 200
2019-07-09 12:36:41 INFO  ApacheHttpClient.sendEvent(518) - responseCode = 200
2019-07-09 12:37:41 INFO  ApacheHttpClient.sendEvent(518) - responseCode = 200
2019-07-09 12:38:41 INFO  ApacheHttpClient.sendEvent(518) - responseCode = 200
2019-07-09 12:39:41 INFO  ApacheHttpClient.sendEvent(518) - responseCode = 200
2019-07-09 12:40:41 INFO  ApacheHttpClient.sendEvent(518) - responseCode = 200
2019-07-09 12:41:41 INFO  ApacheHttpClient.sendEvent(518) - responseCode = 200
2019-07-09 12:42:41 INFO  ApacheHttpClient.sendEvent(518) - responseCode = 200
2019-07-09 12:43:41 INFO  ApacheHttpClient.sendEvent(518) - responseCode = 200
2019-07-09 12:44:41 INFO  ApacheHttpClient.sendEvent(518) - responseCode = 200
2019-07-09 12:45:41 INFO  ApacheHttpClient.sendEvent(518) - responseCode = 200
2019-07-09 12:46:41 INFO  ApacheHttpClient.sendEvent(518) - responseCode = 200
2019-07-09 12:47:41 INFO  ApacheHttpClient.sendEvent(518) - responseCode = 200
2019-07-09 12:48:41 INFO  ApacheHttpClient.sendEvent(518) - responseCode = 200
2019-07-09 12:49:41 INFO  ApacheHttpClient.sendEvent(518) - responseCode = 200
2019-07-09 12:50:41 INFO  ApacheHttpClient.sendEvent(518) - responseCode = 200
2019-07-09 12:51:41 INFO  ApacheHttpClient.sendEvent(518) - responseCode = 200
2019-07-09 12:52:41 INFO  ApacheHttpClient.sendEvent(518) - responseCode = 200
2019-07-09 12:53:41 INFO  ApacheHttpClient.sendEvent(518) - responseCode = 200
2019-07-09 12:54:41 INFO  ApacheHttpClient.sendEvent(518) - responseCode = 200
2019-07-09 12:55:41 INFO  ApacheHttpClient.sendEvent(518) - responseCode = 200
2019-07-09 12:56:41 INFO  ApacheHttpClient.sendEvent(518) - responseCode = 200
2019-07-09 12:57:41 INFO  ApacheHttpClient.sendEvent(518) - responseCode = 200
2019-07-09 12:58:41 INFO  ApacheHttpClient.sendEvent(518) - responseCode = 200
2019-07-09 12:59:41 INFO  ApacheHttpClient.sendEvent(518) - responseCode = 200
2019-07-09 13:00:41 INFO  ApacheHttpClient.sendEvent(518) - responseCode = 200
2019-07-09 13:01:41 INFO  ApacheHttpClient.sendEvent(518) - responseCode = 200
2019-07-09 13:02:41 INFO  ApacheHttpClient.sendEvent(518) - responseCode = 200
2019-07-09 13:03:41 INFO  ApacheHttpClient.sendEvent(518) - responseCode = 200
2019-07-09 13:04:41 INFO  ApacheHttpClient.sendEvent(518) - responseCode = 200
2019-07-09 13:05:41 INFO  ApacheHttpClient.sendEvent(518) - responseCode = 200
2019-07-09 13:06:41 INFO  ApacheHttpClient.sendEvent(518) - responseCode = 200
2019-07-09 13:07:41 INFO  ApacheHttpClient.sendEvent(518) - responseCode = 200
2019-07-09 13:08:41 INFO  ApacheHttpClient.sendEvent(518) - responseCode = 200
2019-07-09 13:09:41 INFO  ApacheHttpClient.sendEvent(518) - responseCode = 200
2019-07-09 13:10:41 INFO  ApacheHttpClient.sendEvent(518) - responseCode = 200
2019-07-09 13:11:41 INFO  ApacheHttpClient.sendEvent(518) - responseCode = 200
2019-07-09 13:12:41 INFO  ApacheHttpClient.sendEvent(518) - responseCode = 200
2019-07-09 13:13:41 INFO  ApacheHttpClient.sendEvent(518) - responseCode = 200
2019-07-09 13:14:41 INFO  ApacheHttpClient.sendEvent(518) - responseCode = 200
2019-07-09 13:15:41 INFO  ApacheHttpClient.sendEvent(518) - responseCode = 200
2019-07-09 13:16:41 INFO  ApacheHttpClient.sendEvent(518) - responseCode = 200
2019-07-09 13:17:41 INFO  ApacheHttpClient.sendEvent(518) - responseCode = 200
2019-07-09 13:18:41 INFO  ApacheHttpClient.sendEvent(518) - responseCode = 200
2019-07-09 13:19:41 INFO  ApacheHttpClient.sendEvent(518) - responseCode = 200
2019-07-09 13:20:41 INFO  ApacheHttpClient.sendEvent(518) - responseCode = 200
2019-07-09 13:21:41 INFO  ApacheHttpClient.sendEvent(518) - responseCode = 200
2019-07-09 13:22:41 INFO  ApacheHttpClient.sendEvent(518) - responseCode = 200
2019-07-09 13:23:41 INFO  ApacheHttpClient.sendEvent(518) - responseCode = 200
2019-07-09 13:24:41 INFO  ApacheHttpClient.sendEvent(518) - responseCode = 200
2019-07-09 13:25:41 INFO  ApacheHttpClient.sendEvent(518) - responseCode = 200
2019-07-09 13:26:41 INFO  ApacheHttpClient.sendEvent(518) - responseCode = 200
2019-07-09 13:27:41 INFO  ApacheHttpClient.sendEvent(518) - responseCode = 200
2019-07-09 13:28:41 INFO  ApacheHttpClient.sendEvent(518) - responseCode = 200
2019-07-09 13:29:41 INFO  ApacheHttpClient.sendEvent(518) - responseCode = 200
2019-07-09 13:30:41 INFO  ApacheHttpClient.sendEvent(518) - responseCode = 200
2019-07-09 13:31:41 INFO  ApacheHttpClient.sendEvent(518) - responseCode = 200
2019-07-09 13:32:41 INFO  ApacheHttpClient.sendEvent(518) - responseCode = 200
2019-07-09 13:33:41 INFO  ApacheHttpClient.sendEvent(518) - responseCode = 200
2019-07-09 13:34:41 INFO  ApacheHttpClient.sendEvent(518) - responseCode = 200
2019-07-09 13:35:41 INFO  ApacheHttpClient.sendEvent(518) - responseCode = 200
2019-07-09 13:36:41 INFO  ApacheHttpClient.sendEvent(518) - responseCode = 200
2019-07-09 13:37:41 INFO  ApacheHttpClient.sendEvent(518) - responseCode = 200
2019-07-09 13:38:41 INFO  ApacheHttpClient.sendEvent(518) - responseCode = 200
2019-07-09 13:39:41 INFO  ApacheHttpClient.sendEvent(518) - responseCode = 200
2019-07-09 13:40:41 INFO  ApacheHttpClient.sendEvent(518) - responseCode = 200
2019-07-09 13:41:41 INFO  ApacheHttpClient.sendEvent(518) - responseCode = 200
2019-07-09 13:42:41 INFO  ApacheHttpClient.sendEvent(518) - responseCode = 200
2019-07-09 13:43:41 INFO  ApacheHttpClient.sendEvent(518) - responseCode = 200
2019-07-09 13:44:41 INFO  ApacheHttpClient.sendEvent(518) - responseCode = 200
2019-07-09 13:45:41 INFO  ApacheHttpClient.sendEvent(518) - responseCode = 200
2019-07-09 13:46:41 INFO  ApacheHttpClient.sendEvent(518) - responseCode = 200
2019-07-09 13:47:41 INFO  ApacheHttpClient.sendEvent(518) - responseCode = 200
2019-07-09 13:48:41 INFO  ApacheHttpClient.sendEvent(518) - responseCode = 200
2019-07-09 13:49:41 INFO  ApacheHttpClient.sendEvent(518) - responseCode = 200
2019-07-09 13:50:41 INFO  ApacheHttpClient.sendEvent(518) - responseCode = 200
2019-07-09 13:51:41 INFO  ApacheHttpClient.sendEvent(518) - responseCode = 200
2019-07-09 13:52:41 INFO  ApacheHttpClient.sendEvent(518) - responseCode = 200
2019-07-09 13:53:41 INFO  ApacheHttpClient.sendEvent(518) - responseCode = 200
2019-07-09 13:54:41 INFO  ApacheHttpClient.sendEvent(518) - responseCode = 200
2019-07-09 13:55:41 INFO  ApacheHttpClient.sendEvent(518) - responseCode = 200
2019-07-09 13:56:41 INFO  ApacheHttpClient.sendEvent(518) - responseCode = 200
2019-07-09 13:57:41 INFO  ApacheHttpClient.sendEvent(518) - responseCode = 200
2019-07-09 13:58:41 INFO  ApacheHttpClient.sendEvent(518) - responseCode = 200
2019-07-09 13:59:41 INFO  ApacheHttpClient.sendEvent(518) - responseCode = 200
2019-07-09 14:00:41 INFO  ApacheHttpClient.sendEvent(518) - responseCode = 200
2019-07-09 14:01:41 INFO  ApacheHttpClient.sendEvent(518) - responseCode = 200
2019-07-09 14:02:41 INFO  ApacheHttpClient.sendEvent(518) - responseCode = 200
2019-07-09 14:03:41 INFO  ApacheHttpClient.sendEvent(518) - responseCode = 200
2019-07-09 14:04:41 INFO  ApacheHttpClient.sendEvent(518) - responseCode = 200
2019-07-09 14:05:41 INFO  ApacheHttpClient.sendEvent(518) - responseCode = 200
2019-07-09 14:06:41 INFO  ApacheHttpClient.sendEvent(518) - responseCode = 200
2019-07-09 14:07:41 INFO  ApacheHttpClient.sendEvent(518) - responseCode = 200
2019-07-09 14:08:41 INFO  ApacheHttpClient.sendEvent(518) - responseCode = 200
2019-07-09 14:09:41 INFO  ApacheHttpClient.sendEvent(518) - responseCode = 200
2019-07-09 14:10:41 INFO  ApacheHttpClient.sendEvent(518) - responseCode = 200
2019-07-09 14:11:41 INFO  ApacheHttpClient.sendEvent(518) - responseCode = 200
2019-07-09 14:12:41 INFO  ApacheHttpClient.sendEvent(518) - responseCode = 200
2019-07-09 14:13:41 INFO  ApacheHttpClient.sendEvent(518) - responseCode = 200
2019-07-09 14:14:41 INFO  ApacheHttpClient.sendEvent(518) - responseCode = 200
2019-07-09 14:15:41 INFO  ApacheHttpClient.sendEvent(518) - responseCode = 200
2019-07-09 14:16:41 INFO  ApacheHttpClient.sendEvent(518) - responseCode = 200
2019-07-09 14:17:41 INFO  ApacheHttpClient.sendEvent(518) - responseCode = 200
2019-07-09 14:18:41 INFO  ApacheHttpClient.sendEvent(518) - responseCode = 200
2019-07-09 14:19:41 INFO  ApacheHttpClient.sendEvent(518) - responseCode = 200
2019-07-09 14:20:41 INFO  ApacheHttpClient.sendEvent(518) - responseCode = 200
2019-07-09 14:21:41 INFO  ApacheHttpClient.sendEvent(518) - responseCode = 200
2019-07-09 14:22:41 INFO  ApacheHttpClient.sendEvent(518) - responseCode = 200
2019-07-09 14:23:41 INFO  ApacheHttpClient.sendEvent(518) - responseCode = 200
2019-07-09 14:24:41 INFO  ApacheHttpClient.sendEvent(518) - responseCode = 200
2019-07-09 14:25:41 INFO  ApacheHttpClient.sendEvent(518) - responseCode = 200
2019-07-09 14:26:41 INFO  ApacheHttpClient.sendEvent(518) - responseCode = 200
2019-07-09 14:27:41 INFO  ApacheHttpClient.sendEvent(518) - responseCode = 200
2019-07-09 14:28:41 INFO  ApacheHttpClient.sendEvent(518) - responseCode = 200
2019-07-09 14:29:41 INFO  ApacheHttpClient.sendEvent(518) - responseCode = 200
2019-07-09 14:30:41 INFO  ApacheHttpClient.sendEvent(518) - responseCode = 200
2019-07-09 14:31:41 INFO  ApacheHttpClient.sendEvent(518) - responseCode = 200
2019-07-09 14:32:41 INFO  ApacheHttpClient.sendEvent(518) - responseCode = 200
2019-07-09 14:33:41 INFO  ApacheHttpClient.sendEvent(518) - responseCode = 200
2019-07-09 14:34:41 INFO  ApacheHttpClient.sendEvent(518) - responseCode = 200
2019-07-09 14:35:41 INFO  ApacheHttpClient.sendEvent(518) - responseCode = 200
2019-07-09 14:36:41 INFO  ApacheHttpClient.sendEvent(518) - responseCode = 200
2019-07-09 14:37:41 INFO  ApacheHttpClient.sendEvent(518) - responseCode = 200
2019-07-09 14:38:41 INFO  ApacheHttpClient.sendEvent(518) - responseCode = 200
2019-07-09 14:39:41 INFO  ApacheHttpClient.sendEvent(518) - responseCode = 200
2019-07-09 14:40:41 INFO  ApacheHttpClient.sendEvent(518) - responseCode = 200
2019-07-09 14:41:41 INFO  ApacheHttpClient.sendEvent(518) - responseCode = 200
2019-07-09 14:42:41 INFO  ApacheHttpClient.sendEvent(518) - responseCode = 200
2019-07-09 14:43:41 INFO  ApacheHttpClient.sendEvent(518) - responseCode = 200
2019-07-09 14:44:41 INFO  ApacheHttpClient.sendEvent(518) - responseCode = 200
2019-07-09 14:45:41 INFO  ApacheHttpClient.sendEvent(518) - responseCode = 200
2019-07-09 14:46:41 INFO  ApacheHttpClient.sendEvent(518) - responseCode = 200
2019-07-09 14:47:41 INFO  ApacheHttpClient.sendEvent(518) - responseCode = 200
2019-07-09 14:48:41 INFO  ApacheHttpClient.sendEvent(518) - responseCode = 200
2019-07-09 14:49:41 INFO  ApacheHttpClient.sendEvent(518) - responseCode = 200
2019-07-09 14:50:41 INFO  ApacheHttpClient.sendEvent(518) - responseCode = 200
2019-07-09 14:51:41 INFO  ApacheHttpClient.sendEvent(518) - responseCode = 200
2019-07-09 14:52:41 INFO  ApacheHttpClient.sendEvent(518) - responseCode = 200
2019-07-09 14:53:41 INFO  ApacheHttpClient.sendEvent(518) - responseCode = 200
2019-07-09 14:54:41 INFO  ApacheHttpClient.sendEvent(518) - responseCode = 200
2019-07-09 14:55:41 INFO  ApacheHttpClient.sendEvent(518) - responseCode = 200
2019-07-09 14:56:41 INFO  ApacheHttpClient.sendEvent(518) - responseCode = 200
2019-07-09 14:57:41 INFO  ApacheHttpClient.sendEvent(518) - responseCode = 200
2019-07-09 14:58:41 INFO  ApacheHttpClient.sendEvent(518) - responseCode = 200
2019-07-09 14:59:41 INFO  ApacheHttpClient.sendEvent(518) - responseCode = 200
2019-07-09 15:00:41 INFO  ApacheHttpClient.sendEvent(518) - responseCode = 200
2019-07-09 15:01:41 INFO  ApacheHttpClient.sendEvent(518) - responseCode = 200
2019-07-09 15:02:41 INFO  ApacheHttpClient.sendEvent(518) - responseCode = 200
2019-07-09 15:03:41 INFO  ApacheHttpClient.sendEvent(518) - responseCode = 200
2019-07-09 15:04:41 INFO  ApacheHttpClient.sendEvent(518) - responseCode = 200
2019-07-09 15:05:41 INFO  ApacheHttpClient.sendEvent(518) - responseCode = 200
2019-07-09 15:06:41 INFO  ApacheHttpClient.sendEvent(518) - responseCode = 200
2019-07-09 15:07:41 INFO  ApacheHttpClient.sendEvent(518) - responseCode = 200
2019-07-09 15:08:41 INFO  ApacheHttpClient.sendEvent(518) - responseCode = 200
2019-07-09 15:09:41 INFO  ApacheHttpClient.sendEvent(518) - responseCode = 200
2019-07-09 15:10:41 INFO  ApacheHttpClient.sendEvent(518) - responseCode = 200
2019-07-09 15:11:41 INFO  ApacheHttpClient.sendEvent(518) - responseCode = 200
2019-07-09 15:12:41 INFO  ApacheHttpClient.sendEvent(518) - responseCode = 200
2019-07-09 15:13:41 INFO  ApacheHttpClient.sendEvent(518) - responseCode = 200
2019-07-09 15:14:41 INFO  ApacheHttpClient.sendEvent(518) - responseCode = 200
2019-07-09 15:15:41 INFO  ApacheHttpClient.sendEvent(518) - responseCode = 200
2019-07-09 15:16:41 INFO  ApacheHttpClient.sendEvent(518) - responseCode = 200
2019-07-09 15:17:41 INFO  ApacheHttpClient.sendEvent(518) - responseCode = 200
2019-07-09 15:18:41 INFO  ApacheHttpClient.sendEvent(518) - responseCode = 200
2019-07-09 15:19:41 INFO  ApacheHttpClient.sendEvent(518) - responseCode = 200
2019-07-09 15:20:41 INFO  ApacheHttpClient.sendEvent(518) - responseCode = 200
2019-07-09 15:21:41 INFO  ApacheHttpClient.sendEvent(518) - responseCode = 200
2019-07-09 15:22:41 INFO  ApacheHttpClient.sendEvent(518) - responseCode = 200
2019-07-09 15:23:41 INFO  ApacheHttpClient.sendEvent(518) - responseCode = 200
2019-07-09 15:24:41 INFO  ApacheHttpClient.sendEvent(518) - responseCode = 200
2019-07-09 15:25:41 INFO  ApacheHttpClient.sendEvent(518) - responseCode = 200
2019-07-09 15:26:41 INFO  ApacheHttpClient.sendEvent(518) - responseCode = 200
2019-07-09 15:27:41 INFO  ApacheHttpClient.sendEvent(518) - responseCode = 200
2019-07-09 15:28:41 INFO  ApacheHttpClient.sendEvent(518) - responseCode = 200
2019-07-09 15:29:41 INFO  ApacheHttpClient.sendEvent(518) - responseCode = 200
2019-07-09 15:30:41 INFO  ApacheHttpClient.sendEvent(518) - responseCode = 200
2019-07-09 15:31:41 INFO  ApacheHttpClient.sendEvent(518) - responseCode = 200
2019-07-09 15:32:41 INFO  ApacheHttpClient.sendEvent(518) - responseCode = 200
